2018-10-08 23:34:09,930 - __main__ - INFO - The Main run start to download all export bundles .
2018-10-08 23:34:09,930 - __main__ - INFO - Getting the exports list from fullstory
2018-10-08 23:34:10,490 - __main__ - INFO - List API call has been successful.
2018-10-08 23:34:10,490 - __main__ - INFO - Starting downlaod of the Fullstory data exports
2018-10-08 23:34:10,490 - __main__ - INFO - Starting download for the bundle 1
2018-10-08 23:34:11,764 - __main__ - INFO - Starting download for the bundle 2
2018-10-08 23:34:13,987 - __main__ - INFO - Starting download for the bundle 3
2018-10-08 23:34:19,286 - __main__ - INFO - Starting download for the bundle 4
2018-10-08 23:34:26,307 - __main__ - INFO - Starting download for the bundle 5
2018-10-08 23:34:31,194 - __main__ - INFO - Starting download for the bundle 6
2018-10-08 23:34:36,125 - __main__ - INFO - Starting download for the bundle 7
2018-10-08 23:34:41,879 - __main__ - INFO - Starting download for the bundle 8
2018-10-08 23:34:44,222 - __main__ - INFO - Starting download for the bundle 9
2018-10-08 23:34:46,266 - __main__ - INFO - Starting download for the bundle 10
2018-10-08 23:34:50,848 - __main__ - INFO - Starting download for the bundle 11
2018-10-08 23:34:58,289 - __main__ - INFO - Starting download for the bundle 12
2018-10-08 23:35:05,343 - __main__ - INFO - Starting download for the bundle 13
2018-10-08 23:35:11,487 - __main__ - INFO - Starting download for the bundle 14
2018-10-08 23:35:19,817 - __main__ - INFO - Starting download for the bundle 15
2018-10-08 23:35:20,756 - __main__ - INFO - Starting download for the bundle 16
2018-10-08 23:35:21,741 - __main__ - INFO - Starting download for the bundle 17
2018-10-08 23:35:26,495 - __main__ - INFO - Starting download for the bundle 18
2018-10-08 23:35:31,322 - __main__ - INFO - Starting download for the bundle 19
2018-10-08 23:35:37,384 - __main__ - INFO - Starting download for the bundle 20
2018-10-08 23:35:44,285 - __main__ - INFO - Downloaded 21 dumps with 527535 total records
2018-10-08 23:35:44,289 - __main__ - INFO - Getting the exports list from fullstory
2018-10-08 23:35:44,646 - __main__ - INFO - List API call has been successful.
2018-10-08 23:35:44,646 - __main__ - INFO - Starting downlaod of the Fullstory data exports
2018-10-08 23:35:44,646 - __main__ - INFO - Starting download for the bundle 1
2018-10-08 23:35:48,756 - __main__ - INFO - Starting download for the bundle 2
2018-10-08 23:35:50,870 - __main__ - INFO - Starting download for the bundle 3
2018-10-08 23:35:53,171 - __main__ - INFO - Starting download for the bundle 4
2018-10-08 23:35:57,840 - __main__ - INFO - Starting download for the bundle 5
2018-10-08 23:36:02,481 - __main__ - INFO - Starting download for the bundle 6
2018-10-08 23:36:11,687 - __main__ - INFO - Starting download for the bundle 7
2018-10-08 23:36:19,642 - __main__ - INFO - Starting download for the bundle 8
2018-10-08 23:36:24,250 - __main__ - INFO - Starting download for the bundle 9
2018-10-08 23:36:26,044 - __main__ - INFO - Starting download for the bundle 10
2018-10-08 23:36:26,489 - __main__ - INFO - Downloaded 11 dumps with 227991 total records
2018-10-08 23:36:39,604 - __main__ - INFO - Shape of first export dataframe: (527535, 34)
2018-10-08 23:36:41,661 - __main__ - INFO - Shape of second export dataframe: (227991, 38)
2018-10-08 23:37:11,767 - __main__ - INFO - Shape of first export dataframe: (527535, 34)
2018-10-08 23:37:13,781 - __main__ - INFO - Shape of second export dataframe: (227991, 38)
2018-10-08 23:37:40,359 - __main__ - INFO - Start writing the export_df to localCSV
2018-10-08 23:38:09,574 - __main__ - INFO - Data Successfully loaded to local CSV
2018-10-09 00:07:18,850 - __main__ - INFO - The Main run start to download all export bundles .
2018-10-09 00:07:18,850 - __main__ - INFO - Getting the exports list from fullstory
2018-10-09 00:07:19,434 - __main__ - INFO - Starting downlaod of the Fullstory data exports
2018-10-09 00:07:19,434 - __main__ - INFO - Starting download for the bundle 1
2018-10-09 00:07:20,873 - __main__ - INFO - Starting download for the bundle 2
2018-10-09 00:07:22,140 - __main__ - INFO - Starting download for the bundle 3
2018-10-09 00:07:26,370 - __main__ - INFO - Starting download for the bundle 4
2018-10-09 00:07:32,454 - __main__ - INFO - Starting download for the bundle 5
2018-10-09 00:07:37,469 - __main__ - INFO - Starting download for the bundle 6
2018-10-09 00:07:42,151 - __main__ - INFO - Starting download for the bundle 7
2018-10-09 00:07:47,772 - __main__ - INFO - Starting download for the bundle 8
2018-10-09 00:07:50,221 - __main__ - INFO - Starting download for the bundle 9
2018-10-09 00:07:51,661 - __main__ - INFO - Starting download for the bundle 10
2018-10-09 00:07:55,322 - __main__ - INFO - Starting download for the bundle 11
2018-10-09 00:08:02,722 - __main__ - INFO - Starting download for the bundle 12
2018-10-09 00:08:09,297 - __main__ - INFO - Starting download for the bundle 13
2018-10-09 00:08:15,102 - __main__ - INFO - Starting download for the bundle 14
2018-10-09 00:08:19,600 - __main__ - INFO - Starting download for the bundle 15
2018-10-09 00:08:20,612 - __main__ - INFO - Starting download for the bundle 16
2018-10-09 00:08:21,611 - __main__ - INFO - Starting download for the bundle 17
2018-10-09 00:08:25,058 - __main__ - INFO - Starting download for the bundle 18
2018-10-09 00:08:30,015 - __main__ - INFO - Starting download for the bundle 19
2018-10-09 00:08:34,721 - __main__ - INFO - Starting download for the bundle 20
2018-10-09 00:08:40,711 - __main__ - INFO - Downloaded 21 dumps with 527535 total records
2018-10-09 00:08:40,714 - __main__ - INFO - Getting the exports list from fullstory
2018-10-09 00:08:41,026 - __main__ - INFO - List API call has been successful.
2018-10-09 00:08:41,027 - __main__ - INFO - Starting downlaod of the Fullstory data exports
2018-10-09 00:08:41,027 - __main__ - INFO - Starting download for the bundle 1
2018-10-09 00:08:44,733 - __main__ - INFO - Starting download for the bundle 2
2018-10-09 00:08:45,884 - __main__ - INFO - Starting download for the bundle 3
2018-10-09 00:08:46,985 - __main__ - INFO - Starting download for the bundle 4
2018-10-09 00:08:51,428 - __main__ - INFO - Starting download for the bundle 5
2018-10-09 00:08:56,204 - __main__ - INFO - Starting download for the bundle 6
2018-10-09 00:09:05,408 - __main__ - INFO - Starting download for the bundle 7
2018-10-09 00:09:12,424 - __main__ - INFO - Starting download for the bundle 8
2018-10-09 00:09:16,016 - __main__ - INFO - Starting download for the bundle 9
2018-10-09 00:09:16,679 - __main__ - INFO - Starting download for the bundle 10
2018-10-09 00:09:17,128 - __main__ - INFO - Downloaded 11 dumps with 227991 total records
2018-10-09 00:09:25,901 - __main__ - INFO - Shape of first export dataframe: (527535, 34)
2018-10-09 00:09:27,907 - __main__ - INFO - Shape of second export dataframe: (227991, 38)
